# JRE version: OpenJDK Runtime Environment Corretto-17.0.10.7.1 (17.0.10+7) (build 17.0.10+7-LTS)
# Java VM: OpenJDK 64-Bit Server VM Corretto-17.0.10.7.1 (17.0.10+7-LTS, mixed mode, emulated-client, sharing, tiered, compressed oops, compressed class ptrs, g1 gc, windows-amd64)
GC Precious Log:
 CPUs: 8 total, 8 available
 Memory: 7975M
 Large Page Support: Disabled
 NUMA Support: Disabled
 Compressed Oops: Enabled (32-bit)
 Heap Region Size: 1M
 Heap Min Capacity: 8M
 Heap Initial Capacity: 126M
 Heap Max Capacity: 1994M
 Pre-touch: Disabled
 Parallel Workers: 8
 Concurrent Workers: 2
 Concurrent Refinement Workers: 8
 Periodic GC: Disabled
Heap:
 garbage-first heap   total 151552K, used 99146K [0x0000000083600000, 0x0000000100000000)
  region size 1024K, 31 young (31744K), 1 survivors (1024K)
 Metaspace       used 75797K, committed 76480K, reserved 1179648K
  class space    used 10700K, committed 11008K, reserved 1048576K
GC Heap History (20 events):
Event: 20.141 GC heap before
{Heap before GC invocations=21 (full 0):
 garbage-first heap   total 86016K, used 68541K [0x0000000083600000, 0x0000000100000000)
  region size 1024K, 37 young (37888K), 5 survivors (5120K)
 Metaspace       used 72215K, committed 72768K, reserved 1114112K
  class space    used 10204K, committed 10432K, reserved 1048576K
}
Event: 20.146 GC heap after
{Heap after GC invocations=22 (full 0):
 garbage-first heap   total 86016K, used 37724K [0x0000000083600000, 0x0000000100000000)
  region size 1024K, 5 young (5120K), 5 survivors (5120K)
 Metaspace       used 72215K, committed 72768K, reserved 1114112K
  class space    used 10204K, committed 10432K, reserved 1048576K
}
Event: 20.644 GC heap before
{Heap before GC invocations=22 (full 0):
 garbage-first heap   total 86016K, used 68444K [0x0000000083600000, 0x0000000100000000)
  region size 1024K, 35 young (35840K), 5 survivors (5120K)
 Metaspace       used 73203K, committed 73792K, reserved 1114112K
  class space    used 10357K, committed 10624K, reserved 1048576K
}
Event: 20.650 GC heap after
{Heap after GC invocations=23 (full 0):
 garbage-first heap   total 86016K, used 39010K [0x0000000083600000, 0x0000000100000000)
  region size 1024K, 4 young (4096K), 4 survivors (4096K)
 Metaspace       used 73203K, committed 73792K, reserved 1114112K
  class space    used 10357K, committed 10624K, reserved 1048576K
}
Event: 21.106 GC heap before
{Heap before GC invocations=23 (full 0):
 garbage-first heap   total 86016K, used 69730K [0x0000000083600000, 0x0000000100000000)
  region size 1024K, 34 young (34816K), 4 survivors (4096K)
 Metaspace       used 74057K, committed 74624K, reserved 1114112K
  class space    used 10488K, committed 10752K, reserved 1048576K
}
Event: 21.112 GC heap after
{Heap after GC invocations=24 (full 0):
 garbage-first heap   total 103424K, used 40506K [0x0000000083600000, 0x0000000100000000)
  region size 1024K, 4 young (4096K), 4 survivors (4096K)
 Metaspace       used 74057K, committed 74624K, reserved 1114112K
  class space    used 10488K, committed 10752K, reserved 1048576K
}
Event: 21.620 GC heap before
{Heap before GC invocations=24 (full 0):
 garbage-first heap   total 103424K, used 84538K [0x0000000083600000, 0x0000000100000000)
  region size 1024K, 47 young (48128K), 4 survivors (4096K)
 Metaspace       used 75703K, committed 76352K, reserved 1179648K
  class space    used 10687K, committed 11008K, reserved 1048576K
}
Event: 21.630 GC heap after
{Heap after GC invocations=25 (full 0):
 garbage-first heap   total 103424K, used 44776K [0x0000000083600000, 0x0000000100000000)
  region size 1024K, 6 young (6144K), 6 survivors (6144K)
 Metaspace       used 75703K, committed 76352K, reserved 1179648K
  class space    used 10687K, committed 11008K, reserved 1048576K
}
Event: 21.746 GC heap before
{Heap before GC invocations=25 (full 0):
 garbage-first heap   total 103424K, used 84712K [0x0000000083600000, 0x0000000100000000)
  region size 1024K, 44 young (45056K), 6 survivors (6144K)
 Metaspace       used 75703K, committed 76352K, reserved 1179648K
  class space    used 10687K, committed 11008K, reserved 1048576K
}
Event: 21.756 GC heap after
{Heap after GC invocations=26 (full 0):
 garbage-first heap   total 103424K, used 51840K [0x0000000083600000, 0x0000000100000000)
  region size 1024K, 6 young (6144K), 6 survivors (6144K)
 Metaspace       used 75703K, committed 76352K, reserved 1179648K
  class space    used 10687K, committed 11008K, reserved 1048576K
}
Event: 21.858 GC heap before
{Heap before GC invocations=26 (full 0):
 garbage-first heap   total 103424K, used 67200K [0x0000000083600000, 0x0000000100000000)
  region size 1024K, 23 young (23552K), 6 survivors (6144K)
 Metaspace       used 75797K, committed 76480K, reserved 1179648K
  class space    used 10700K, committed 11008K, reserved 1048576K
}
Event: 21.867 GC heap after
{Heap after GC invocations=27 (full 0):
 garbage-first heap   total 103424K, used 58131K [0x0000000083600000, 0x0000000100000000)
  region size 1024K, 5 young (5120K), 5 survivors (5120K)
 Metaspace       used 75797K, committed 76480K, reserved 1179648K
  class space    used 10700K, committed 11008K, reserved 1048576K
}
Event: 21.916 GC heap before
{Heap before GC invocations=27 (full 0):
 garbage-first heap   total 103424K, used 78611K [0x0000000083600000, 0x0000000100000000)
  region size 1024K, 25 young (25600K), 5 survivors (5120K)
 Metaspace       used 75797K, committed 76480K, reserved 1179648K
  class space    used 10700K, committed 11008K, reserved 1048576K
}
Event: 21.923 GC heap after
{Heap after GC invocations=28 (full 0):
 garbage-first heap   total 151552K, used 63446K [0x0000000083600000, 0x0000000100000000)
  region size 1024K, 4 young (4096K), 4 survivors (4096K)
 Metaspace       used 75797K, committed 76480K, reserved 1179648K
  class space    used 10700K, committed 11008K, reserved 1048576K
}
Event: 22.092 GC heap before
{Heap before GC invocations=29 (full 0):
 garbage-first heap   total 151552K, used 112598K [0x0000000083600000, 0x0000000100000000)
  region size 1024K, 51 young (52224K), 4 survivors (4096K)
 Metaspace       used 75797K, committed 76480K, reserved 1179648K
  class space    used 10700K, committed 11008K, reserved 1048576K
}
Event: 22.101 GC heap after
{Heap after GC invocations=30 (full 0):
 garbage-first heap   total 151552K, used 76263K [0x0000000083600000, 0x0000000100000000)
  region size 1024K, 7 young (7168K), 7 survivors (7168K)
 Metaspace       used 75797K, committed 76480K, reserved 1179648K
  class space    used 10700K, committed 11008K, reserved 1048576K
}
Event: 22.103 GC heap before
{Heap before GC invocations=30 (full 0):
 garbage-first heap   total 151552K, used 77287K [0x0000000083600000, 0x0000000100000000)
  region size 1024K, 8 young (8192K), 7 survivors (7168K)
 Metaspace       used 75797K, committed 76480K, reserved 1179648K
  class space    used 10700K, committed 11008K, reserved 1048576K
}
Event: 22.108 GC heap after
{Heap after GC invocations=31 (full 0):
 garbage-first heap   total 151552K, used 78035K [0x0000000083600000, 0x0000000100000000)
  region size 1024K, 1 young (1024K), 1 survivors (1024K)
 Metaspace       used 75797K, committed 76480K, reserved 1179648K
  class space    used 10700K, committed 11008K, reserved 1048576K
}
Event: 22.114 GC heap before
{Heap before GC invocations=31 (full 0):
 garbage-first heap   total 151552K, used 79059K [0x0000000083600000, 0x0000000100000000)
  region size 1024K, 3 young (3072K), 1 survivors (1024K)
 Metaspace       used 75797K, committed 76480K, reserved 1179648K
  class space    used 10700K, committed 11008K, reserved 1048576K
}
Event: 22.116 GC heap after
{Heap after GC invocations=32 (full 0):
 garbage-first heap   total 151552K, used 77642K [0x0000000083600000, 0x0000000100000000)
  region size 1024K, 1 young (1024K), 1 survivors (1024K)
 Metaspace       used 75797K, committed 76480K, reserved 1179648K
  class space    used 10700K, committed 11008K, reserved 1048576K
}

